0 info it worked if it ends with ok
1 verbose cli [ 'C:\\nodejs\\node.exe',
1 verbose cli   'C:\\nodejs\\node_modules\\npm\\bin\\npm-cli.js',
1 verbose cli   'start' ]
2 info using npm@3.10.6
3 info using node@v4.4.7
4 verbose run-script [ 'prestart', 'start', 'poststart' ]
5 info lifecycle picsearch@0.0.0~prestart: picsearch@0.0.0
6 silly lifecycle picsearch@0.0.0~prestart: no script for prestart, continuing
7 info lifecycle picsearch@0.0.0~start: picsearch@0.0.0
8 verbose lifecycle picsearch@0.0.0~start: unsafe-perm in lifecycle true
9 verbose lifecycle picsearch@0.0.0~start: PATH: C:\nodejs\node_modules\npm\bin\node-gyp-bin;E:\picSearch\node_modules\.bin;C:\ProgramData\Oracle\Java\javapath;C:\Python27\;C:\Python27\Scripts;C:\Windows\system32;C:\Windows;C:\Windows\System32\Wbem;C:\Windows\System32\WindowsPowerShell\v1.0\;C:\nodejs\;C:\Program Files (x86)\Git\cmd;C:\Python27\;C:\Users\zxlg\AppData\Roaming\npm;C:\Program Files (x86)\Java\jdk1.8.0_101\bin;C:\Program Files (x86)\Java\jdk1.8.0_101\jre\bin;D:\MinGW\bin;
10 verbose lifecycle picsearch@0.0.0~start: CWD: E:\picSearch
11 silly lifecycle picsearch@0.0.0~start: Args: [ '/d /s /c', 'node ./bin/www' ]
12 silly lifecycle picsearch@0.0.0~start: Returned: code: 1  signal: null
13 info lifecycle picsearch@0.0.0~start: Failed to exec start script
14 verbose stack Error: picsearch@0.0.0 start: `node ./bin/www`
14 verbose stack Exit status 1
14 verbose stack     at EventEmitter.<anonymous> (C:\nodejs\node_modules\npm\lib\utils\lifecycle.js:255:16)
14 verbose stack     at emitTwo (events.js:87:13)
14 verbose stack     at EventEmitter.emit (events.js:172:7)
14 verbose stack     at ChildProcess.<anonymous> (C:\nodejs\node_modules\npm\lib\utils\spawn.js:40:14)
14 verbose stack     at emitTwo (events.js:87:13)
14 verbose stack     at ChildProcess.emit (events.js:172:7)
14 verbose stack     at maybeClose (internal/child_process.js:827:16)
14 verbose stack     at Process.ChildProcess._handle.onexit (internal/child_process.js:211:5)
15 verbose pkgid picsearch@0.0.0
16 verbose cwd E:\picSearch
17 error Windows_NT 6.1.7601
18 error argv "C:\\nodejs\\node.exe" "C:\\nodejs\\node_modules\\npm\\bin\\npm-cli.js" "start"
19 error node v4.4.7
20 error npm  v3.10.6
21 error code ELIFECYCLE
22 error picsearch@0.0.0 start: `node ./bin/www`
22 error Exit status 1
23 error Failed at the picsearch@0.0.0 start script 'node ./bin/www'.
23 error Make sure you have the latest version of node.js and npm installed.
23 error If you do, this is most likely a problem with the picsearch package,
23 error not with npm itself.
23 error Tell the author that this fails on your system:
23 error     node ./bin/www
23 error You can get information on how to open an issue for this project with:
23 error     npm bugs picsearch
23 error Or if that isn't available, you can get their info via:
23 error     npm owner ls picsearch
23 error There is likely additional logging output above.
24 verbose exit [ 1, true ]
